DEBUG 2025-06-20 01:37:51,261 utils (0.027) 
            SELECT
                c.relname,
                CASE
                    WHEN c.relispartition THEN 'p'
                    WHEN c.relkind IN ('m', 'v') THEN 'v'
                    ELSE 't'
                END,
                obj_description(c.oid, 'pg_class')
            FROM pg_catalog.pg_class c
            LEFT JOIN pg_catalog.pg_namespace n ON n.oid = c.relnamespace
            WHERE c.relkind IN ('f', 'm', 'p', 'r', 'v')
                AND n.nspname NOT IN ('pg_catalog', 'pg_toast')
                AND pg_catalog.pg_table_is_visible(c.oid)
        ; args=None; alias=default
DEBUG 2025-06-20 01:37:51,318 utils (0.048) SELECT "django_migrations"."id", "django_migrations"."app", "django_migrations"."name", "django_migrations"."applied" FROM "django_migrations"; args=(); alias=default
DEBUG 2025-06-20 01:37:51,681 utils (0.025) SELECT "django_celery_beat_periodictask"."id", "django_celery_beat_periodictask"."name", "django_celery_beat_periodictask"."task", "django_celery_beat_periodictask"."interval_id", "django_celery_beat_periodictask"."crontab_id", "django_celery_beat_periodictask"."solar_id", "django_celery_beat_periodictask"."clocked_id", "django_celery_beat_periodictask"."args", "django_celery_beat_periodictask"."kwargs", "django_celery_beat_periodictask"."queue", "django_celery_beat_periodictask"."exchange", "django_celery_beat_periodictask"."routing_key", "django_celery_beat_periodictask"."headers", "django_celery_beat_periodictask"."priority", "django_celery_beat_periodictask"."expires", "django_celery_beat_periodictask"."expire_seconds", "django_celery_beat_periodictask"."one_off", "django_celery_beat_periodictask"."start_time", "django_celery_beat_periodictask"."enabled", "django_celery_beat_periodictask"."last_run_at", "django_celery_beat_periodictask"."total_run_count", "django_celery_beat_periodictask"."date_changed", "django_celery_beat_periodictask"."description" FROM "django_celery_beat_periodictask" WHERE "django_celery_beat_periodictask"."enabled"; args=(); alias=default
DEBUG 2025-06-20 01:37:51,707 utils (0.024) SELECT "django_celery_beat_crontabschedule"."id", "django_celery_beat_crontabschedule"."minute", "django_celery_beat_crontabschedule"."hour", "django_celery_beat_crontabschedule"."day_of_month", "django_celery_beat_crontabschedule"."month_of_year", "django_celery_beat_crontabschedule"."day_of_week", "django_celery_beat_crontabschedule"."timezone" FROM "django_celery_beat_crontabschedule" WHERE "django_celery_beat_crontabschedule"."id" IN (1, 3) ORDER BY "django_celery_beat_crontabschedule"."month_of_year" ASC, "django_celery_beat_crontabschedule"."day_of_month" ASC, "django_celery_beat_crontabschedule"."day_of_week" ASC, "django_celery_beat_crontabschedule"."hour" ASC, "django_celery_beat_crontabschedule"."minute" ASC, "django_celery_beat_crontabschedule"."timezone" ASC; args=(1, 3); alias=default
DEBUG 2025-06-20 01:37:51,734 utils (0.023) SELECT "django_celery_beat_crontabschedule"."id", "django_celery_beat_crontabschedule"."minute", "django_celery_beat_crontabschedule"."hour", "django_celery_beat_crontabschedule"."day_of_month", "django_celery_beat_crontabschedule"."month_of_year", "django_celery_beat_crontabschedule"."day_of_week", "django_celery_beat_crontabschedule"."timezone" FROM "django_celery_beat_crontabschedule" WHERE ("django_celery_beat_crontabschedule"."day_of_month" = '*' AND "django_celery_beat_crontabschedule"."day_of_week" = '*' AND "django_celery_beat_crontabschedule"."hour" = '4' AND "django_celery_beat_crontabschedule"."minute" = '0' AND "django_celery_beat_crontabschedule"."month_of_year" = '*' AND "django_celery_beat_crontabschedule"."timezone" = 'Asia/Bangkok') LIMIT 21; args=('*', '*', '4', '0', '*', 'Asia/Bangkok'); alias=default
DEBUG 2025-06-20 01:37:51,766 utils (0.030) UPDATE "django_celery_beat_crontabschedule" SET "minute" = '0', "hour" = '4', "day_of_month" = '*', "month_of_year" = '*', "day_of_week" = '*', "timezone" = 'Asia/Bangkok' WHERE "django_celery_beat_crontabschedule"."id" = 3; args=('0', '4', '*', '*', '*', 'Asia/Bangkok', 3); alias=default
DEBUG 2025-06-20 01:37:51,767 utils (0.000) BEGIN; args=None; alias=default
DEBUG 2025-06-20 01:37:51,814 utils (0.047) SELECT "django_celery_beat_periodictasks"."ident", "django_celery_beat_periodictasks"."last_update" FROM "django_celery_beat_periodictasks" WHERE "django_celery_beat_periodictasks"."ident" = 1 LIMIT 21 FOR UPDATE; args=(1,); alias=default
DEBUG 2025-06-20 01:37:51,838 utils (0.023) UPDATE "django_celery_beat_periodictasks" SET "last_update" = '2025-06-20T01:37:51.767072+07:00'::timestamptz WHERE "django_celery_beat_periodictasks"."ident" = 1; args=(datetime.datetime(2025, 6, 20, 1, 37, 51, 767072, tzinfo=zoneinfo.ZoneInfo(key='Asia/Bangkok')), 1); alias=default
DEBUG 2025-06-20 01:37:51,867 utils (0.027) COMMIT; args=None; alias=default
DEBUG 2025-06-20 01:37:51,867 utils (0.000) BEGIN; args=None; alias=default
DEBUG 2025-06-20 01:37:51,915 utils (0.046) SELECT "django_celery_beat_periodictask"."id", "django_celery_beat_periodictask"."name", "django_celery_beat_periodictask"."task", "django_celery_beat_periodictask"."interval_id", "django_celery_beat_periodictask"."crontab_id", "django_celery_beat_periodictask"."solar_id", "django_celery_beat_periodictask"."clocked_id", "django_celery_beat_periodictask"."args", "django_celery_beat_periodictask"."kwargs", "django_celery_beat_periodictask"."queue", "django_celery_beat_periodictask"."exchange", "django_celery_beat_periodictask"."routing_key", "django_celery_beat_periodictask"."headers", "django_celery_beat_periodictask"."priority", "django_celery_beat_periodictask"."expires", "django_celery_beat_periodictask"."expire_seconds", "django_celery_beat_periodictask"."one_off", "django_celery_beat_periodictask"."start_time", "django_celery_beat_periodictask"."enabled", "django_celery_beat_periodictask"."last_run_at", "django_celery_beat_periodictask"."total_run_count", "django_celery_beat_periodictask"."date_changed", "django_celery_beat_periodictask"."description" FROM "django_celery_beat_periodictask" WHERE "django_celery_beat_periodictask"."name" = 'celery.backend_cleanup' LIMIT 21 FOR UPDATE; args=('celery.backend_cleanup',); alias=default
DEBUG 2025-06-20 01:37:51,943 utils (0.026) SELECT 1 AS "a" FROM "django_celery_beat_periodictask" WHERE ("django_celery_beat_periodictask"."name" = 'celery.backend_cleanup' AND NOT ("django_celery_beat_periodictask"."id" = 2)) LIMIT 1; args=(1, 'celery.backend_cleanup', 2); alias=default
DEBUG 2025-06-20 01:37:51,980 utils (0.032) SAVEPOINT "s281473208544544_x1"; args=None; alias=default
DEBUG 2025-06-20 01:37:52,008 utils (0.023) SELECT "django_celery_beat_periodictasks"."ident", "django_celery_beat_periodictasks"."last_update" FROM "django_celery_beat_periodictasks" WHERE "django_celery_beat_periodictasks"."ident" = 1 LIMIT 21 FOR UPDATE; args=(1,); alias=default
DEBUG 2025-06-20 01:37:52,033 utils (0.024) UPDATE "django_celery_beat_periodictasks" SET "last_update" = '2025-06-20T01:37:51.947790+07:00'::timestamptz WHERE "django_celery_beat_periodictasks"."ident" = 1; args=(datetime.datetime(2025, 6, 20, 1, 37, 51, 947790, tzinfo=zoneinfo.ZoneInfo(key='Asia/Bangkok')), 1); alias=default
DEBUG 2025-06-20 01:37:52,056 utils (0.023) RELEASE SAVEPOINT "s281473208544544_x1"; args=None; alias=default
DEBUG 2025-06-20 01:37:52,081 utils (0.024) UPDATE "django_celery_beat_periodictask" SET "task" = 'celery.backend_cleanup', "interval_id" = NULL, "crontab_id" = 3, "solar_id" = NULL, "clocked_id" = NULL, "args" = '[]', "kwargs" = '{}', "queue" = NULL, "exchange" = NULL, "routing_key" = NULL, "headers" = '{}', "priority" = NULL, "expires" = NULL, "expire_seconds" = 43200, "start_time" = NULL, "last_run_at" = '2025-06-18T21:41:29.927331+00:00'::timestamptz, "date_changed" = '2025-06-19T18:37:52.057373+00:00'::timestamptz WHERE "django_celery_beat_periodictask"."id" = 2; args=('celery.backend_cleanup', 3, '[]', '{}', '{}', 43200, datetime.datetime(2025, 6, 18, 21, 41, 29, 927331, tzinfo=datetime.timezone.utc), datetime.datetime(2025, 6, 19, 18, 37, 52, 57373, tzinfo=datetime.timezone.utc), 2); alias=default
DEBUG 2025-06-20 01:37:52,104 utils (0.022) SAVEPOINT "s281473208544544_x2"; args=None; alias=default
DEBUG 2025-06-20 01:37:52,128 utils (0.023) SELECT "django_celery_beat_periodictasks"."ident", "django_celery_beat_periodictasks"."last_update" FROM "django_celery_beat_periodictasks" WHERE "django_celery_beat_periodictasks"."ident" = 1 LIMIT 21 FOR UPDATE; args=(1,); alias=default
DEBUG 2025-06-20 01:37:52,151 utils (0.022) UPDATE "django_celery_beat_periodictasks" SET "last_update" = '2025-06-20T01:37:52.082385+07:00'::timestamptz WHERE "django_celery_beat_periodictasks"."ident" = 1; args=(datetime.datetime(2025, 6, 20, 1, 37, 52, 82385, tzinfo=zoneinfo.ZoneInfo(key='Asia/Bangkok')), 1); alias=default
DEBUG 2025-06-20 01:37:52,174 utils (0.022) RELEASE SAVEPOINT "s281473208544544_x2"; args=None; alias=default
DEBUG 2025-06-20 01:37:52,201 utils (0.027) COMMIT; args=None; alias=default
DEBUG 2025-06-20 01:37:52,409 utils (0.024) SELECT "django_celery_beat_periodictasks"."ident", "django_celery_beat_periodictasks"."last_update" FROM "django_celery_beat_periodictasks" WHERE "django_celery_beat_periodictasks"."ident" = 1 LIMIT 21; args=(1,); alias=default
DEBUG 2025-06-20 01:37:52,626 utils (0.025) SELECT "django_celery_beat_periodictasks"."ident", "django_celery_beat_periodictasks"."last_update" FROM "django_celery_beat_periodictasks" WHERE "django_celery_beat_periodictasks"."ident" = 1 LIMIT 21; args=(1,); alias=default
DEBUG 2025-06-20 01:37:52,937 utils (0.026) SELECT "django_celery_beat_periodictasks"."ident", "django_celery_beat_periodictasks"."last_update" FROM "django_celery_beat_periodictasks" WHERE "django_celery_beat_periodictasks"."ident" = 1 LIMIT 21; args=(1,); alias=default
DEBUG 2025-06-20 01:37:53,157 utils (0.024) SELECT "django_celery_beat_periodictasks"."ident", "django_celery_beat_periodictasks"."last_update" FROM "django_celery_beat_periodictasks" WHERE "django_celery_beat_periodictasks"."ident" = 1 LIMIT 21; args=(1,); alias=default
DEBUG 2025-06-20 01:38:01,955 utils (0.028) 
            SELECT
                c.relname,
                CASE
                    WHEN c.relispartition THEN 'p'
                    WHEN c.relkind IN ('m', 'v') THEN 'v'
                    ELSE 't'
                END,
                obj_description(c.oid, 'pg_class')
            FROM pg_catalog.pg_class c
            LEFT JOIN pg_catalog.pg_namespace n ON n.oid = c.relnamespace
            WHERE c.relkind IN ('f', 'm', 'p', 'r', 'v')
                AND n.nspname NOT IN ('pg_catalog', 'pg_toast')
                AND pg_catalog.pg_table_is_visible(c.oid)
        ; args=None; alias=default
DEBUG 2025-06-20 01:38:02,018 utils (0.058) SELECT "django_migrations"."id", "django_migrations"."app", "django_migrations"."name", "django_migrations"."applied" FROM "django_migrations"; args=(); alias=default
DEBUG 2025-06-20 01:38:02,412 utils (0.024) SELECT "django_celery_beat_periodictask"."id", "django_celery_beat_periodictask"."name", "django_celery_beat_periodictask"."task", "django_celery_beat_periodictask"."interval_id", "django_celery_beat_periodictask"."crontab_id", "django_celery_beat_periodictask"."solar_id", "django_celery_beat_periodictask"."clocked_id", "django_celery_beat_periodictask"."args", "django_celery_beat_periodictask"."kwargs", "django_celery_beat_periodictask"."queue", "django_celery_beat_periodictask"."exchange", "django_celery_beat_periodictask"."routing_key", "django_celery_beat_periodictask"."headers", "django_celery_beat_periodictask"."priority", "django_celery_beat_periodictask"."expires", "django_celery_beat_periodictask"."expire_seconds", "django_celery_beat_periodictask"."one_off", "django_celery_beat_periodictask"."start_time", "django_celery_beat_periodictask"."enabled", "django_celery_beat_periodictask"."last_run_at", "django_celery_beat_periodictask"."total_run_count", "django_celery_beat_periodictask"."date_changed", "django_celery_beat_periodictask"."description" FROM "django_celery_beat_periodictask" WHERE "django_celery_beat_periodictask"."enabled"; args=(); alias=default
DEBUG 2025-06-20 01:38:02,441 utils (0.024) SELECT "django_celery_beat_crontabschedule"."id", "django_celery_beat_crontabschedule"."minute", "django_celery_beat_crontabschedule"."hour", "django_celery_beat_crontabschedule"."day_of_month", "django_celery_beat_crontabschedule"."month_of_year", "django_celery_beat_crontabschedule"."day_of_week", "django_celery_beat_crontabschedule"."timezone" FROM "django_celery_beat_crontabschedule" WHERE "django_celery_beat_crontabschedule"."id" IN (1, 3) ORDER BY "django_celery_beat_crontabschedule"."month_of_year" ASC, "django_celery_beat_crontabschedule"."day_of_month" ASC, "django_celery_beat_crontabschedule"."day_of_week" ASC, "django_celery_beat_crontabschedule"."hour" ASC, "django_celery_beat_crontabschedule"."minute" ASC, "django_celery_beat_crontabschedule"."timezone" ASC; args=(1, 3); alias=default
DEBUG 2025-06-20 01:38:02,474 utils (0.025) SELECT "django_celery_beat_crontabschedule"."id", "django_celery_beat_crontabschedule"."minute", "django_celery_beat_crontabschedule"."hour", "django_celery_beat_crontabschedule"."day_of_month", "django_celery_beat_crontabschedule"."month_of_year", "django_celery_beat_crontabschedule"."day_of_week", "django_celery_beat_crontabschedule"."timezone" FROM "django_celery_beat_crontabschedule" WHERE ("django_celery_beat_crontabschedule"."day_of_month" = '*' AND "django_celery_beat_crontabschedule"."day_of_week" = '*' AND "django_celery_beat_crontabschedule"."hour" = '4' AND "django_celery_beat_crontabschedule"."minute" = '0' AND "django_celery_beat_crontabschedule"."month_of_year" = '*' AND "django_celery_beat_crontabschedule"."timezone" = 'Asia/Bangkok') LIMIT 21; args=('*', '*', '4', '0', '*', 'Asia/Bangkok'); alias=default
DEBUG 2025-06-20 01:38:02,503 utils (0.029) UPDATE "django_celery_beat_crontabschedule" SET "minute" = '0', "hour" = '4', "day_of_month" = '*', "month_of_year" = '*', "day_of_week" = '*', "timezone" = 'Asia/Bangkok' WHERE "django_celery_beat_crontabschedule"."id" = 3; args=('0', '4', '*', '*', '*', 'Asia/Bangkok', 3); alias=default
DEBUG 2025-06-20 01:38:02,504 utils (0.000) BEGIN; args=None; alias=default
DEBUG 2025-06-20 01:38:02,552 utils (0.047) SELECT "django_celery_beat_periodictasks"."ident", "django_celery_beat_periodictasks"."last_update" FROM "django_celery_beat_periodictasks" WHERE "django_celery_beat_periodictasks"."ident" = 1 LIMIT 21 FOR UPDATE; args=(1,); alias=default
DEBUG 2025-06-20 01:38:02,575 utils (0.022) UPDATE "django_celery_beat_periodictasks" SET "last_update" = '2025-06-20T01:38:02.504541+07:00'::timestamptz WHERE "django_celery_beat_periodictasks"."ident" = 1; args=(datetime.datetime(2025, 6, 20, 1, 38, 2, 504541, tzinfo=zoneinfo.ZoneInfo(key='Asia/Bangkok')), 1); alias=default
DEBUG 2025-06-20 01:38:02,603 utils (0.028) COMMIT; args=None; alias=default
DEBUG 2025-06-20 01:38:02,604 utils (0.000) BEGIN; args=None; alias=default
DEBUG 2025-06-20 01:38:02,649 utils (0.044) SELECT "django_celery_beat_periodictask"."id", "django_celery_beat_periodictask"."name", "django_celery_beat_periodictask"."task", "django_celery_beat_periodictask"."interval_id", "django_celery_beat_periodictask"."crontab_id", "django_celery_beat_periodictask"."solar_id", "django_celery_beat_periodictask"."clocked_id", "django_celery_beat_periodictask"."args", "django_celery_beat_periodictask"."kwargs", "django_celery_beat_periodictask"."queue", "django_celery_beat_periodictask"."exchange", "django_celery_beat_periodictask"."routing_key", "django_celery_beat_periodictask"."headers", "django_celery_beat_periodictask"."priority", "django_celery_beat_periodictask"."expires", "django_celery_beat_periodictask"."expire_seconds", "django_celery_beat_periodictask"."one_off", "django_celery_beat_periodictask"."start_time", "django_celery_beat_periodictask"."enabled", "django_celery_beat_periodictask"."last_run_at", "django_celery_beat_periodictask"."total_run_count", "django_celery_beat_periodictask"."date_changed", "django_celery_beat_periodictask"."description" FROM "django_celery_beat_periodictask" WHERE "django_celery_beat_periodictask"."name" = 'celery.backend_cleanup' LIMIT 21 FOR UPDATE; args=('celery.backend_cleanup',); alias=default
DEBUG 2025-06-20 01:38:02,674 utils (0.022) SELECT 1 AS "a" FROM "django_celery_beat_periodictask" WHERE ("django_celery_beat_periodictask"."name" = 'celery.backend_cleanup' AND NOT ("django_celery_beat_periodictask"."id" = 2)) LIMIT 1; args=(1, 'celery.backend_cleanup', 2); alias=default
DEBUG 2025-06-20 01:38:02,698 utils (0.023) SAVEPOINT "s281473082531104_x1"; args=None; alias=default
DEBUG 2025-06-20 01:38:02,721 utils (0.022) SELECT "django_celery_beat_periodictasks"."ident", "django_celery_beat_periodictasks"."last_update" FROM "django_celery_beat_periodictasks" WHERE "django_celery_beat_periodictasks"."ident" = 1 LIMIT 21 FOR UPDATE; args=(1,); alias=default
DEBUG 2025-06-20 01:38:02,746 utils (0.024) UPDATE "django_celery_beat_periodictasks" SET "last_update" = '2025-06-20T01:38:02.675473+07:00'::timestamptz WHERE "django_celery_beat_periodictasks"."ident" = 1; args=(datetime.datetime(2025, 6, 20, 1, 38, 2, 675473, tzinfo=zoneinfo.ZoneInfo(key='Asia/Bangkok')), 1); alias=default
DEBUG 2025-06-20 01:38:02,770 utils (0.023) RELEASE SAVEPOINT "s281473082531104_x1"; args=None; alias=default
DEBUG 2025-06-20 01:38:02,793 utils (0.022) UPDATE "django_celery_beat_periodictask" SET "task" = 'celery.backend_cleanup', "interval_id" = NULL, "crontab_id" = 3, "solar_id" = NULL, "clocked_id" = NULL, "args" = '[]', "kwargs" = '{}', "queue" = NULL, "exchange" = NULL, "routing_key" = NULL, "headers" = '{}', "priority" = NULL, "expires" = NULL, "expire_seconds" = 43200, "start_time" = NULL, "last_run_at" = '2025-06-18T21:41:29.927331+00:00'::timestamptz, "date_changed" = '2025-06-19T18:38:02.770726+00:00'::timestamptz WHERE "django_celery_beat_periodictask"."id" = 2; args=('celery.backend_cleanup', 3, '[]', '{}', '{}', 43200, datetime.datetime(2025, 6, 18, 21, 41, 29, 927331, tzinfo=datetime.timezone.utc), datetime.datetime(2025, 6, 19, 18, 38, 2, 770726, tzinfo=datetime.timezone.utc), 2); alias=default
DEBUG 2025-06-20 01:38:02,816 utils (0.022) SAVEPOINT "s281473082531104_x2"; args=None; alias=default
DEBUG 2025-06-20 01:38:02,840 utils (0.023) SELECT "django_celery_beat_periodictasks"."ident", "django_celery_beat_periodictasks"."last_update" FROM "django_celery_beat_periodictasks" WHERE "django_celery_beat_periodictasks"."ident" = 1 LIMIT 21 FOR UPDATE; args=(1,); alias=default
DEBUG 2025-06-20 01:38:02,863 utils (0.022) UPDATE "django_celery_beat_periodictasks" SET "last_update" = '2025-06-20T01:38:02.793880+07:00'::timestamptz WHERE "django_celery_beat_periodictasks"."ident" = 1; args=(datetime.datetime(2025, 6, 20, 1, 38, 2, 793880, tzinfo=zoneinfo.ZoneInfo(key='Asia/Bangkok')), 1); alias=default
DEBUG 2025-06-20 01:38:02,890 utils (0.022) RELEASE SAVEPOINT "s281473082531104_x2"; args=None; alias=default
DEBUG 2025-06-20 01:38:02,918 utils (0.027) COMMIT; args=None; alias=default
DEBUG 2025-06-20 01:38:03,122 utils (0.023) SELECT "django_celery_beat_periodictasks"."ident", "django_celery_beat_periodictasks"."last_update" FROM "django_celery_beat_periodictasks" WHERE "django_celery_beat_periodictasks"."ident" = 1 LIMIT 21; args=(1,); alias=default
DEBUG 2025-06-20 01:38:03,332 utils (0.022) SELECT "django_celery_beat_periodictasks"."ident", "django_celery_beat_periodictasks"."last_update" FROM "django_celery_beat_periodictasks" WHERE "django_celery_beat_periodictasks"."ident" = 1 LIMIT 21; args=(1,); alias=default
DEBUG 2025-06-20 01:38:03,553 utils (0.024) SELECT "django_celery_beat_periodictasks"."ident", "django_celery_beat_periodictasks"."last_update" FROM "django_celery_beat_periodictasks" WHERE "django_celery_beat_periodictasks"."ident" = 1 LIMIT 21; args=(1,); alias=default
DEBUG 2025-06-20 01:38:03,765 utils (0.022) SELECT "django_celery_beat_periodictasks"."ident", "django_celery_beat_periodictasks"."last_update" FROM "django_celery_beat_periodictasks" WHERE "django_celery_beat_periodictasks"."ident" = 1 LIMIT 21; args=(1,); alias=default
DEBUG 2025-06-20 01:38:08,994 utils (0.023) SELECT "django_celery_beat_periodictasks"."ident", "django_celery_beat_periodictasks"."last_update" FROM "django_celery_beat_periodictasks" WHERE "django_celery_beat_periodictasks"."ident" = 1 LIMIT 21; args=(1,); alias=default
DEBUG 2025-06-20 01:38:14,225 utils (0.024) SELECT "django_celery_beat_periodictasks"."ident", "django_celery_beat_periodictasks"."last_update" FROM "django_celery_beat_periodictasks" WHERE "django_celery_beat_periodictasks"."ident" = 1 LIMIT 21; args=(1,); alias=default
